<?xml version="1.0" encoding="UTF-8"?>
<testng-results ignored="0" total="1" passed="1" failed="0" skipped="0">
  <reporter-output>
  </reporter-output>
  <suite started-at="2020-01-27T04:19:09 PST" name="Default suite" finished-at="2020-01-27T04:19:12 PST" duration-ms="2918">
    <groups>
    </groups>
    <test started-at="2020-01-27T04:19:09 PST" name="Default test" finished-at="2020-01-27T04:19:12 PST" duration-ms="2918">
      <class name="com.wbl.test.GetWong">
        <test-method is-config="true" signature="beforeTest()[pri:0, instance:com.wbl.test.GetWong@23529fee]" started-at="2020-01-27T04:19:09 PST" name="beforeTest" finished-at="2020-01-27T04:19:09 PST" duration-ms="14" status="PASS">
          <reporter-output>
          </reporter-output>
        </test-method> <!-- beforeTest -->
        <test-method signature="getRequiredText()[pri:0, instance:com.wbl.test.GetWong@23529fee]" started-at="2020-01-27T04:19:09 PST" name="getRequiredText" finished-at="2020-01-27T04:19:12 PST" duration-ms="2862" status="PASS">
          <reporter-output>
          </reporter-output>
        </test-method> <!-- getRequiredText -->
      </class> <!-- com.wbl.test.GetWong -->
    </test> <!-- Default test -->
  </suite> <!-- Default suite -->
</testng-results>
